
<dict>
	cocos2d.x.version: quick-cocos2d-x 2.2.6
	cocos2d.x.compiled_with_profiler: false
	cocos2d.x.compiled_with_gl_state_cache: true
	gl.vendor: NVIDIA Corporation
	gl.renderer: GeForce GTX 1060 3GB/PCIe/SSE2
	gl.version: 4.5.0 NVIDIA 376.54
	gl.max_texture_size: 32768
	gl.max_texture_units: 192
	gl.supports_PVRTC: false
	gl.supports_NPOT: true
	gl.supports_BGRA8888: false
	gl.supports_discard_framebuffer: false
	gl.supports_vertex_array_object: true
</dict>
lua_loadChunksFromZIP() - load zip file: E:\cocos\quick\quick-cocos2d-x\lib\framework_precompiled\framework_precompiled.zip
lua_loadChunksFromZIP() - loaded chunks count: 125
------------------------------------------------
LOAD LUA FILE: scripts/main.lua
------------------------------------------------
Get data from file(scripts/main.lua) failed!
